17:39:37 **** Rebuild of configuration Debug for project faculdadeprogramasc ****
Info: Internal Builder is used for build
gcc -O0 -g3 -Wall -c -fmessage-length=0 -o teste.o "..\\teste.c" 
gcc -o faculdadeprogramasc.exe teste.o 
Info: Nothing to build for ProgramaC
16:38:45 **** Incremental Build of configuration Debug for project ProgramaC ****
Info: Internal Builder is used for build
gcc -O0 -g3 -Wall -c -fmessage-length=0 -o test.o "..\\test.c" 
gcc -o ProgramaC.exe test.o 
Info: Nothing to build for ProgramasC
16:42:01 **** Rebuild of configuration Debug for project dnv ****
Info: Internal Builder is used for build
gcc -O0 -g3 -Wall -c -fmessage-length=0 -o dnv.o "..\\dnv.c" 
gcc -o dnv.exe dnv.o 
16:43:23 **** Incremental Build of configuration Debug for project ProgramasC ****
Info: Internal Builder is used for build
gcc -O0 -g3 -Wall -c -fmessage-length=0 -o "seção06\\seção06exercício08.o" "..\\seção06\\seção06exercício08.c" 
gcc -O0 -g3 -Wall -c -fmessage-length=0 -o "seção08\\seção08exercício04.o" "..\\seção08\\seção08exercício04.c" 
gcc -O0 -g3 -Wall -c -fmessage-length=0 -o "seção03\\seção03exercicio06.o" "..\\seção03\\seção03exercicio06.c" 
gcc -O0 -g3 -Wall -c -fmessage-length=0 -o "seção06\\seção06exercício02.o" "..\\seção06\\seção06exercício02.c" 
gcc -O0 -g3 -Wall -c -fmessage-length=0 -o "seção07\\seção07exercício02.o" "..\\seção07\\seção07exercício02.c" 
gcc -O0 -g3 -Wall -c -fmessage-length=0 -o "seção03\\seção03exercicio02.o" "..\\seção03\\seção03exercicio02.c" 
gcc -O0 -g3 -Wall -c -fmessage-length=0 -o "seção03\\seção03exercício07.o" "..\\seção03\\seção03exercício07.c" 
gcc -O0 -g3 -Wall -c -fmessage-length=0 -o "seção08\\seção08exercício02.o" "..\\seção08\\seção08exercício02.c" 
gcc -O0 -g3 -Wall -c -fmessage-length=0 -o "seção03\\seção03exercício05.o" "..\\seção03\\seção03exercício05.c" 
gcc -O0 -g3 -Wall -c -fmessage-length=0 -o "seção07\\seção07exercício04.o" "..\\seção07\\seção07exercício04.c" 
gcc -O0 -g3 -Wall -c -fmessage-length=0 -o "seção08\\seção08exercício01metodo2.o" "..\\seção08\\seção08exercício01metodo2.c" 
gcc -O0 -g3 -Wall -c -fmessage-length=0 -o "seção02\\seção02exercicio02.o" "..\\seção02\\seção02exercicio02.c" 
gcc -O0 -g3 -Wall -c -fmessage-length=0 -o "seção08\\seção08exercício06.o" "..\\seção08\\seção08exercício06.c" 
gcc -O0 -g3 -Wall -c -fmessage-length=0 -o "seção06\\seção06exercício01.o" "..\\seção06\\seção06exercício01.c" 
gcc -O0 -g3 -Wall -c -fmessage-length=0 -o "seção06\\seção06exercício04.o" "..\\seção06\\seção06exercício04.c" 
..\seção06\seção06exercício04.c: In function 'main':
..\seção06\seção06exercício04.c:12:10: warning: passing argument 1 of 'gets' from incompatible pointer type [-Wincompatible-pointer-types]
     gets(stdin); //serve para corrigir bugs
          ^~~~~
In file included from ..\seção06\seção06exercício04.c:1:0:
c:\mingw\include\stdio.h:676:41: note: expected 'char *' but argument is of type 'FILE * {aka struct _iobuf *}'
 _CRTIMP __cdecl __MINGW_NOTHROW  char * gets (char *);
                                         ^~~~
gcc -O0 -g3 -Wall -c -fmessage-length=0 -o "seção07\\seção07exercício06.o" "..\\seção07\\seção07exercício06.c" 
gcc -O0 -g3 -Wall -c -fmessage-length=0 -o "seção07\\seção07exercício03.o" "..\\seção07\\seção07exercício03.c" 
gcc -O0 -g3 -Wall -c -fmessage-length=0 -o "seção06\\seção06exercício10.o" "..\\seção06\\seção06exercício10.c" 
gcc -O0 -g3 -Wall -c -fmessage-length=0 -o "seção06\\seção06exercício05.o" "..\\seção06\\seção06exercício05.c" 
gcc -O0 -g3 -Wall -c -fmessage-length=0 -o "seção06\\seção06exercício03.o" "..\\seção06\\seção06exercício03.c" 
gcc -O0 -g3 -Wall -c -fmessage-length=0 -o "seção06\\seção06exercício09.o" "..\\seção06\\seção06exercício09.c" 
gcc -O0 -g3 -Wall -c -fmessage-length=0 -o "seção08\\seção08exercício03.o" "..\\seção08\\seção08exercício03.c" 
gcc -O0 -g3 -Wall -c -fmessage-length=0 -o "seção08\\seção08exercício02metodo2.o" "..\\seção08\\seção08exercício02metodo2.c" 
gcc -O0 -g3 -Wall -c -fmessage-length=0 -o "seção07\\seção07exercício05.o" "..\\seção07\\seção07exercício05.c" 
gcc -O0 -g3 -Wall -c -fmessage-length=0 -o "seção07\\seção07exercício01.o" "..\\seção07\\seção07exercício01.c" 
gcc -O0 -g3 -Wall -c -fmessage-length=0 -o "seção08\\seção08exercício05.o" "..\\seção08\\seção08exercício05.c" 
gcc -O0 -g3 -Wall -c -fmessage-length=0 -o "seção03\\seção03exercício04.o" "..\\seção03\\seção03exercício04.c" 
gcc -O0 -g3 -Wall -c -fmessage-length=0 -o "seção08\\seção08exercício01.o" "..\\seção08\\seção08exercício01.c" 
gcc -O0 -g3 -Wall -c -fmessage-length=0 -o "seção06\\seção06exercício07.o" "..\\seção06\\seção06exercício07.c" 
gcc -O0 -g3 -Wall -c -fmessage-length=0 -o "seção06\\seção06exercício06.o" "..\\seção06\\seção06exercício06.c" 
gcc -O0 -g3 -Wall -c -fmessage-length=0 -o "seção08\\seção08exercício03metodo2.o" "..\\seção08\\seção08exercício03metodo2.c" 
gcc -o ProgramasC.exe "seção02\\seção02exercicio02.o" "seção03\\seção03exercicio02.o" "seção03\\seção03exercicio06.o" "seção03\\seção03exercício04.o" "seção03\\seção03exercício05.o" "seção03\\seção03exercício07.o" "seção06\\seção06exercício01.o" "seção06\\seção06exercício02.o" "seção06\\seção06exercício03.o" "seção06\\seção06exercício04.o" "seção06\\seção06exercício05.o" "seção06\\seção06exercício06.o" "seção06\\seção06exercício07.o" "seção06\\seção06exercício08.o" "seção06\\seção06exercício09.o" "seção06\\seção06exercício10.o" "seção07\\seção07exercício01.o" "seção07\\seção07exercício02.o" "seção07\\seção07exercício03.o" "seção07\\seção07exercício04.o" "seção07\\seção07exercício05.o" "seção07\\seção07exercício06.o" "seção08\\seção08exercício01.o" "seção08\\seção08exercício01metodo2.o" "seção08\\seção08exercício02.o" "seção08\\seção08exercício02metodo2.o" "seção08\\seção08exercício03.o" "seção08\\seção08exercício03metodo2.o" "seção08\\seção08exercício04.o" "seção08\\seção08exercício05.o" "seção08\\seção08exercício06.o" 
seção03\seção03exercicio02.o: In function `main':
C:\Users\Nicolle\eclipse-workspace\ProgramasC\Debug/../seção03/seção03exercicio02.c:3: multiple definition of `main'
seção02\seção02exercicio02.o:C:\Users\Nicolle\eclipse-workspace\ProgramasC\Debug/../seção02/seção02exercicio02.c:5: first defined here
seção03\seção03exercicio06.o: In function `main':
C:\Users\Nicolle\eclipse-workspace\ProgramasC\Debug/../seção03/seção03exercicio06.c:3: multiple definition of `main'
seção02\seção02exercicio02.o:C:\Users\Nicolle\eclipse-workspace\ProgramasC\Debug/../seção02/seção02exercicio02.c:5: first defined here
seção03\seção03exercício04.o: In function `main':
C:\Users\Nicolle\eclipse-workspace\ProgramasC\Debug/../seção03/seção03exercício04.c:3: multiple definition of `main'
seção02\seção02exercicio02.o:C:\Users\Nicolle\eclipse-workspace\ProgramasC\Debug/../seção02/seção02exercicio02.c:5: first defined here
seção03\seção03exercício05.o: In function `main':
C:\Users\Nicolle\eclipse-workspace\ProgramasC\Debug/../seção03/seção03exercício05.c:3: multiple definition of `main'
seção02\seção02exercicio02.o:C:\Users\Nicolle\eclipse-workspace\ProgramasC\Debug/../seção02/seção02exercicio02.c:5: first defined here
seção03\seção03exercício07.o: In function `main':
C:\Users\Nicolle\eclipse-workspace\ProgramasC\Debug/../seção03/seção03exercício07.c:3: multiple definition of `main'
seção02\seção02exercicio02.o:C:\Users\Nicolle\eclipse-workspace\ProgramasC\Debug/../seção02/seção02exercicio02.c:5: first defined here
seção06\seção06exercício01.o: In function `main':
C:\Users\Nicolle\eclipse-workspace\ProgramasC\Debug/../seção06/seção06exercício01.c:3: multiple definition of `main'
seção02\seção02exercicio02.o:C:\Users\Nicolle\eclipse-workspace\ProgramasC\Debug/../seção02/seção02exercicio02.c:5: first defined here
seção06\seção06exercício02.o: In function `main':
C:\Users\Nicolle\eclipse-workspace\ProgramasC\Debug/../seção06/seção06exercício02.c:3: multiple definition of `main'
seção02\seção02exercicio02.o:C:\Users\Nicolle\eclipse-workspace\ProgramasC\Debug/../seção02/seção02exercicio02.c:5: first defined here
seção06\seção06exercício03.o: In function `main':
C:\Users\Nicolle\eclipse-workspace\ProgramasC\Debug/../seção06/seção06exercício03.c:3: multiple definition of `main'
seção02\seção02exercicio02.o:C:\Users\Nicolle\eclipse-workspace\ProgramasC\Debug/../seção02/seção02exercicio02.c:5: first defined here
seção06\seção06exercício04.o: In function `main':
C:\Users\Nicolle\eclipse-workspace\ProgramasC\Debug/../seção06/seção06exercício04.c:4: multiple definition of `main'
seção02\seção02exercicio02.o:C:\Users\Nicolle\eclipse-workspace\ProgramasC\Debug/../seção02/seção02exercicio02.c:5: first defined here
seção06\seção06exercício05.o: In function `main':
C:\Users\Nicolle\eclipse-workspace\ProgramasC\Debug/../seção06/seção06exercício05.c:3: multiple definition of `main'
seção02\seção02exercicio02.o:C:\Users\Nicolle\eclipse-workspace\ProgramasC\Debug/../seção02/seção02exercicio02.c:5: first defined here
seção06\seção06exercício06.o: In function `main':
C:\Users\Nicolle\eclipse-workspace\ProgramasC\Debug/../seção06/seção06exercício06.c:3: multiple definition of `main'
seção02\seção02exercicio02.o:C:\Users\Nicolle\eclipse-workspace\ProgramasC\Debug/../seção02/seção02exercicio02.c:5: first defined here
seção06\seção06exercício07.o: In function `main':
C:\Users\Nicolle\eclipse-workspace\ProgramasC\Debug/../seção06/seção06exercício07.c:3: multiple definition of `main'
seção02\seção02exercicio02.o:C:\Users\Nicolle\eclipse-workspace\ProgramasC\Debug/../seção02/seção02exercicio02.c:5: first defined here
seção06\seção06exercício08.o: In function `main':
C:\Users\Nicolle\eclipse-workspace\ProgramasC\Debug/../seção06/seção06exercício08.c:3: multiple definition of `main'
seção02\seção02exercicio02.o:C:\Users\Nicolle\eclipse-workspace\ProgramasC\Debug/../seção02/seção02exercicio02.c:5: first defined here
seção06\seção06exercício09.o: In function `main':
C:\Users\Nicolle\eclipse-workspace\ProgramasC\Debug/../seção06/seção06exercício09.c:3: multiple definition of `main'
seção02\seção02exercicio02.o:C:\Users\Nicolle\eclipse-workspace\ProgramasC\Debug/../seção02/seção02exercicio02.c:5: first defined here
seção06\seção06exercício10.o: In function `main':
C:\Users\Nicolle\eclipse-workspace\ProgramasC\Debug/../seção06/seção06exercício10.c:3: multiple definition of `main'
seção02\seção02exercicio02.o:C:\Users\Nicolle\eclipse-workspace\ProgramasC\Debug/../seção02/seção02exercicio02.c:5: first defined here
seção07\seção07exercício01.o: In function `main':
C:\Users\Nicolle\eclipse-workspace\ProgramasC\Debug/../seção07/seção07exercício01.c:3: multiple definition of `main'
seção02\seção02exercicio02.o:C:\Users\Nicolle\eclipse-workspace\ProgramasC\Debug/../seção02/seção02exercicio02.c:5: first defined here
seção07\seção07exercício02.o: In function `main':
C:\Users\Nicolle\eclipse-workspace\ProgramasC\Debug/../seção07/seção07exercício02.c:3: multiple definition of `main'
seção02\seção02exercicio02.o:C:\Users\Nicolle\eclipse-workspace\ProgramasC\Debug/../seção02/seção02exercicio02.c:5: first defined here
seção07\seção07exercício03.o: In function `main':
C:\Users\Nicolle\eclipse-workspace\ProgramasC\Debug/../seção07/seção07exercício03.c:3: multiple definition of `main'
seção02\seção02exercicio02.o:C:\Users\Nicolle\eclipse-workspace\ProgramasC\Debug/../seção02/seção02exercicio02.c:5: first defined here
seção07\seção07exercício04.o: In function `main':
C:\Users\Nicolle\eclipse-workspace\ProgramasC\Debug/../seção07/seção07exercício04.c:3: multiple definition of `main'
seção02\seção02exercicio02.o:C:\Users\Nicolle\eclipse-workspace\ProgramasC\Debug/../seção02/seção02exercicio02.c:5: first defined here
seção07\seção07exercício05.o: In function `main':
C:\Users\Nicolle\eclipse-workspace\ProgramasC\Debug/../seção07/seção07exercício05.c:4: multiple definition of `main'
seção02\seção02exercicio02.o:C:\Users\Nicolle\eclipse-workspace\ProgramasC\Debug/../seção02/seção02exercicio02.c:5: first defined here
seção07\seção07exercício06.o: In function `main':
C:\Users\Nicolle\eclipse-workspace\ProgramasC\Debug/../seção07/seção07exercício06.c:3: multiple definition of `main'
seção02\seção02exercicio02.o:C:\Users\Nicolle\eclipse-workspace\ProgramasC\Debug/../seção02/seção02exercicio02.c:5: first defined here
seção08\seção08exercício01.o: In function `main':
C:\Users\Nicolle\eclipse-workspace\ProgramasC\Debug/../seção08/seção08exercício01.c:3: multiple definition of `main'
seção02\seção02exercicio02.o:C:\Users\Nicolle\eclipse-workspace\ProgramasC\Debug/../seção02/seção02exercicio02.c:5: first defined here
seção08\seção08exercício01metodo2.o: In function `main':
C:\Users\Nicolle\eclipse-workspace\ProgramasC\Debug/../seção08/seção08exercício01metodo2.c:3: multiple definition of `main'
seção02\seção02exercicio02.o:C:\Users\Nicolle\eclipse-workspace\ProgramasC\Debug/../seção02/seção02exercicio02.c:5: first defined here
seção08\seção08exercício02.o: In function `main':
C:\Users\Nicolle\eclipse-workspace\ProgramasC\Debug/../seção08/seção08exercício02.c:3: multiple definition of `main'
seção02\seção02exercicio02.o:C:\Users\Nicolle\eclipse-workspace\ProgramasC\Debug/../seção02/seção02exercicio02.c:5: first defined here
seção08\seção08exercício02metodo2.o: In function `main':
C:\Users\Nicolle\eclipse-workspace\ProgramasC\Debug/../seção08/seção08exercício02metodo2.c:3: multiple definition of `main'
seção02\seção02exercicio02.o:C:\Users\Nicolle\eclipse-workspace\ProgramasC\Debug/../seção02/seção02exercicio02.c:5: first defined here
seção08\seção08exercício03.o: In function `main':
C:\Users\Nicolle\eclipse-workspace\ProgramasC\Debug/../seção08/seção08exercício03.c:3: multiple definition of `main'
seção02\seção02exercicio02.o:C:\Users\Nicolle\eclipse-workspace\ProgramasC\Debug/../seção02/seção02exercicio02.c:5: first defined here
seção08\seção08exercício03metodo2.o: In function `main':
C:\Users\Nicolle\eclipse-workspace\ProgramasC\Debug/../seção08/seção08exercício03metodo2.c:3: multiple definition of `main'
seção02\seção02exercicio02.o:C:\Users\Nicolle\eclipse-workspace\ProgramasC\Debug/../seção02/seção02exercicio02.c:5: first defined here
seção08\seção08exercício04.o: In function `main':
C:\Users\Nicolle\eclipse-workspace\ProgramasC\Debug/../seção08/seção08exercício04.c:3: multiple definition of `main'
seção02\seção02exercicio02.o:C:\Users\Nicolle\eclipse-workspace\ProgramasC\Debug/../seção02/seção02exercicio02.c:5: first defined here
seção08\seção08exercício05.o: In function `main':
C:\Users\Nicolle\eclipse-workspace\ProgramasC\Debug/../seção08/seção08exercício05.c:3: multiple definition of `main'
seção02\seção02exercicio02.o:C:\Users\Nicolle\eclipse-workspace\ProgramasC\Debug/../seção02/seção02exercicio02.c:5: first defined here
seção08\seção08exercício06.o: In function `main':
C:\Users\Nicolle\eclipse-workspace\ProgramasC\Debug/../seção08/seção08exercício06.c:3: multiple definition of `main'
seção02\seção02exercicio02.o:C:\Users\Nicolle\eclipse-workspace\ProgramasC\Debug/../seção02/seção02exercicio02.c:5: first defined here
collect2.exe: error: ld returned 1 exit status
16:44:12 **** Clean-only build of configuration Debug for project ProgramasC ****
rm -rf seção03/seção03exercicio06.o seção07/seção07exercício03.d seção03/seção03exercicio02.d seção06/seção06exercício08.o seção03/seção03exercicio06.d seção03/seção03exercicio02.o seção06/seção06exercício04.o seção08/seção08exercício03.o seção03/seção03exercício05.o seção06/seção06exercício04.d seção06/seção06exercício08.d seção08/seção08exercício03.d seção02/seção02exercicio02.d seção03/seção03exercício05.d seção08/seção08exercício03metodo2.o seção07/seção07exercício03.o seção02/seção02exercicio02.o seção08/seção08exercício03metodo2.d seção07/seção07exercício04.d seção08/seção08exercício02metodo2.d seção06/seção06exercício09.o seção06/seção06exercício09.d seção06/seção06exercício01.o seção08/seção08exercício06.o seção08/seção08exercício02metodo2.o seção06/seção06exercício05.o seção08/seção08exercício02.o seção06/seção06exercício01.d seção06/seção06exercício05.d seção08/seção08exercício06.d seção08/seção08exercício02.d seção07/seção07exercício04.o seção07/seção07exercício05.d seção08/seção08exercício01metodo2.o seção07/seção07exercício01.d seção08/seção08exercício01metodo2.d seção06/seção06exercício06.o seção06/seção06exercício02.o seção08/seção08exercício05.o seção08/seção08exercício01.o seção06/seção06exercício02.d seção03/seção03exercício07.o seção06/seção06exercício06.d seção08/seção08exercício05.d seção03/seção03exercício07.d seção08/seção08exercício01.d seção06/seção06exercício10.o seção07/seção07exercício01.o seção07/seção07exercício05.o seção07/seção07exercício06.d seção07/seção07exercício02.d seção06/seção06exercício10.d seção06/seção06exercício07.o seção06/seção06exercício03.o seção08/seção08exercício04.o seção03/seção03exercício04.o seção06/seção06exercício03.d seção06/seção06exercício07.d seção08/seção08exercício04.d seção03/seção03exercício04.d seção07/seção07exercício02.o seção07/seção07exercício06.o ProgramasC.exe 
Cannot run program "rm": Launching failed

Error: Program "rm" not found in PATH
PATH=[C:\MinGW\bin;\bin;\usr\bin;C:\Program Files (x86)\Common Files\Oracle\Java\javapath;C:\Windows\system32;C:\Windows;C:\Windows\System32\Wbem;C:\Windows\System32\WindowsPowerShell\v1.0\;C:\Program Files (x86)\QuickTime\QTSystem\;C:\Program Files (x86)\NVIDIA Corporation\PhysX\Common;C:\WINDOWS\system32;C:\WINDOWS;C:\WINDOWS\System32\Wbem;C:\WINDOWS\System32\WindowsPowerShell\v1.0\;C:\WINDOWS\System32\OpenSSH\;C:\Users\Nicolle\AppData\Local\Programs\Python\Python37\Scripts\;C:\Users\Nicolle\AppData\Local\Programs\Python\Python37\;C:\Users\Nicolle\AppData\Local\Programs\Python\Python38-32\Scripts\;C:\Users\Nicolle\AppData\Local\Programs\Python\Python38-32\;C:\Users\Nicolle\AppData\Local\Microsoft\WindowsApps;C:\MinGW\bin;C:\Users\Nicolle\AppData\Local\Programs\Python\Python38-32;;C:\Users\Nicolle\AppData\Local\Programs\Microsoft VS Code\bin]

16:44:13 **** Clean-only build of configuration Debug for project ProgramasC ****
Info: Nothing to build for ProgramasC
17:50:02 **** Incremental Build of configuration Debug for project ProgramasC ****
Info: Internal Builder is used for build
gcc -O0 -g3 -Wall -c -fmessage-length=0 -o "codigofonte\\seção06\\seção06exercício03.o" "..\\codigofonte\\seção06\\seção06exercício03.c" 
gcc -O0 -g3 -Wall -c -fmessage-length=0 -o "codigofonte\\seção08\\seção08exercício01metodo2.o" "..\\codigofonte\\seção08\\seção08exercício01metodo2.c" 
gcc -O0 -g3 -Wall -c -fmessage-length=0 -o "codigofonte\\seção06\\seção06exercício08.o" "..\\codigofonte\\seção06\\seção06exercício08.c" 
gcc -O0 -g3 -Wall -c -fmessage-length=0 -o "codigofonte\\seção08\\seção08exercício02.o" "..\\codigofonte\\seção08\\seção08exercício02.c" 
gcc -O0 -g3 -Wall -c -fmessage-length=0 -o "codigofonte\\seção08\\seção08exercício04.o" "..\\codigofonte\\seção08\\seção08exercício04.c" 
gcc -O0 -g3 -Wall -c -fmessage-length=0 -o "codigofonte\\seção08\\seção08exercício02metodo2.o" "..\\codigofonte\\seção08\\seção08exercício02metodo2.c" 
gcc -O0 -g3 -Wall -c -fmessage-length=0 -o "codigofonte\\seção06\\seção06exercício07.o" "..\\codigofonte\\seção06\\seção06exercício07.c" 
gcc -O0 -g3 -Wall -c -fmessage-length=0 -o "codigofonte\\seção08\\seção08exercício06.o" "..\\codigofonte\\seção08\\seção08exercício06.c" 
gcc -O0 -g3 -Wall -c -fmessage-length=0 -o "codigofonte\\seção03\\seção03exercício05.o" "..\\codigofonte\\seção03\\seção03exercício05.c" 
gcc -O0 -g3 -Wall -c -fmessage-length=0 -o "codigofonte\\seção06\\seção06exercício10.o" "..\\codigofonte\\seção06\\seção06exercício10.c" 
gcc -O0 -g3 -Wall -c -fmessage-length=0 -o "codigofonte\\seção03\\seção03exercício07.o" "..\\codigofonte\\seção03\\seção03exercício07.c" 
gcc -O0 -g3 -Wall -c -fmessage-length=0 -o "codigofonte\\seção06\\seção06exercício09.o" "..\\codigofonte\\seção06\\seção06exercício09.c" 
gcc -O0 -g3 -Wall -c -fmessage-length=0 -o "codigofonte\\seção07\\seção07exercício01.o" "..\\codigofonte\\seção07\\seção07exercício01.c" 
gcc -O0 -g3 -Wall -c -fmessage-length=0 -o "codigofonte\\seção03\\seção03exercicio06.o" "..\\codigofonte\\seção03\\seção03exercicio06.c" 
gcc -O0 -g3 -Wall -c -fmessage-length=0 -o "codigofonte\\seção07\\seção07exercício05.o" "..\\codigofonte\\seção07\\seção07exercício05.c" 
gcc -O0 -g3 -Wall -c -fmessage-length=0 -o "codigofonte\\seção07\\seção07exercício04.o" "..\\codigofonte\\seção07\\seção07exercício04.c" 
gcc -O0 -g3 -Wall -c -fmessage-length=0 -o "codigofonte\\seção08\\seção08exercício01.o" "..\\codigofonte\\seção08\\seção08exercício01.c" 
gcc -O0 -g3 -Wall -c -fmessage-length=0 -o "codigofonte\\seção02\\seção02exercicio02.o" "..\\codigofonte\\seção02\\seção02exercicio02.c" 
gcc -O0 -g3 -Wall -c -fmessage-length=0 -o "codigofonte\\seção03\\seção03exercicio02.o" "..\\codigofonte\\seção03\\seção03exercicio02.c" 
gcc -O0 -g3 -Wall -c -fmessage-length=0 -o "codigofonte\\seção06\\seção06exercício01.o" "..\\codigofonte\\seção06\\seção06exercício01.c" 
gcc -O0 -g3 -Wall -c -fmessage-length=0 -o "codigofonte\\seção07\\seção07exercício06.o" "..\\codigofonte\\seção07\\seção07exercício06.c" 
gcc -O0 -g3 -Wall -c -fmessage-length=0 -o "codigofonte\\seção06\\seção06exercício06.o" "..\\codigofonte\\seção06\\seção06exercício06.c" 
gcc -O0 -g3 -Wall -c -fmessage-length=0 -o "codigofonte\\seção06\\seção06exercício05.o" "..\\codigofonte\\seção06\\seção06exercício05.c" 
gcc -O0 -g3 -Wall -c -fmessage-length=0 -o "codigofonte\\seção06\\seção06exercício02.o" "..\\codigofonte\\seção06\\seção06exercício02.c" 
gcc -O0 -g3 -Wall -c -fmessage-length=0 -o "codigofonte\\seção08\\seção08exercício03.o" "..\\codigofonte\\seção08\\seção08exercício03.c" 
gcc -O0 -g3 -Wall -c -fmessage-length=0 -o "codigofonte\\seção03\\seção03exercício04.o" "..\\codigofonte\\seção03\\seção03exercício04.c" 
gcc -O0 -g3 -Wall -c -fmessage-length=0 -o "codigofonte\\seção06\\seção06exercício04.o" "..\\codigofonte\\seção06\\seção06exercício04.c" 
..\codigofonte\seção06\seção06exercício04.c: In function 'main':
..\codigofonte\seção06\seção06exercício04.c:12:10: warning: passing argument 1 of 'gets' from incompatible pointer type [-Wincompatible-pointer-types]
     gets(stdin); //serve para corrigir bugs
          ^~~~~
In file included from ..\codigofonte\seção06\seção06exercício04.c:1:0:
c:\mingw\include\stdio.h:676:41: note: expected 'char *' but argument is of type 'FILE * {aka struct _iobuf *}'
 _CRTIMP __cdecl __MINGW_NOTHROW  char * gets (char *);
                                         ^~~~
gcc -O0 -g3 -Wall -c -fmessage-length=0 -o "codigofonte\\seção07\\seção07exercício03.o" "..\\codigofonte\\seção07\\seção07exercício03.c" 
gcc -O0 -g3 -Wall -c -fmessage-length=0 -o "codigofonte\\seção07\\seção07exercício02.o" "..\\codigofonte\\seção07\\seção07exercício02.c" 
gcc -O0 -g3 -Wall -c -fmessage-length=0 -o "codigofonte\\seção08\\seção08exercício05.o" "..\\codigofonte\\seção08\\seção08exercício05.c" 
gcc -O0 -g3 -Wall -c -fmessage-length=0 -o "codigofonte\\seção08\\seção08exercício03metodo2.o" "..\\codigofonte\\seção08\\seção08exercício03metodo2.c" 
gcc -o ProgramasC.exe "codigofonte\\seção02\\seção02exercicio02.o" "codigofonte\\seção03\\seção03exercicio02.o" "codigofonte\\seção03\\seção03exercicio06.o" "codigofonte\\seção03\\seção03exercício04.o" "codigofonte\\seção03\\seção03exercício05.o" "codigofonte\\seção03\\seção03exercício07.o" "codigofonte\\seção06\\seção06exercício01.o" "codigofonte\\seção06\\seção06exercício02.o" "codigofonte\\seção06\\seção06exercício03.o" "codigofonte\\seção06\\seção06exercício04.o" "codigofonte\\seção06\\seção06exercício05.o" "codigofonte\\seção06\\seção06exercício06.o" "codigofonte\\seção06\\seção06exercício07.o" "codigofonte\\seção06\\seção06exercício08.o" "codigofonte\\seção06\\seção06exercício09.o" "codigofonte\\seção06\\seção06exercício10.o" "codigofonte\\seção07\\seção07exercício01.o" "codigofonte\\seção07\\seção07exercício02.o" "codigofonte\\seção07\\seção07exercício03.o" "codigofonte\\seção07\\seção07exercício04.o" "codigofonte\\seção07\\seção07exercício05.o" "codigofonte\\seção07\\seção07exercício06.o" "codigofonte\\seção08\\seção08exercício01.o" "codigofonte\\seção08\\seção08exercício01metodo2.o" "codigofonte\\seção08\\seção08exercício02.o" "codigofonte\\seção08\\seção08exercício02metodo2.o" "codigofonte\\seção08\\seção08exercício03.o" "codigofonte\\seção08\\seção08exercício03metodo2.o" "codigofonte\\seção08\\seção08exercício04.o" "codigofonte\\seção08\\seção08exercício05.o" "codigofonte\\seção08\\seção08exercício06.o" 
codigofonte\seção03\seção03exercicio02.o: In function `main':
C:\Users\Nicolle\eclipse-workspace\ProgramasC\Debug/../codigofonte/seção03/seção03exercicio02.c:3: multiple definition of `main'
codigofonte\seção02\seção02exercicio02.o:C:\Users\Nicolle\eclipse-workspace\ProgramasC\Debug/../codigofonte/seção02/seção02exercicio02.c:5: first defined here
codigofonte\seção03\seção03exercicio06.o: In function `main':
C:\Users\Nicolle\eclipse-workspace\ProgramasC\Debug/../codigofonte/seção03/seção03exercicio06.c:3: multiple definition of `main'
codigofonte\seção02\seção02exercicio02.o:C:\Users\Nicolle\eclipse-workspace\ProgramasC\Debug/../codigofonte/seção02/seção02exercicio02.c:5: first defined here
codigofonte\seção03\seção03exercício04.o: In function `main':
C:\Users\Nicolle\eclipse-workspace\ProgramasC\Debug/../codigofonte/seção03/seção03exercício04.c:3: multiple definition of `main'
codigofonte\seção02\seção02exercicio02.o:C:\Users\Nicolle\eclipse-workspace\ProgramasC\Debug/../codigofonte/seção02/seção02exercicio02.c:5: first defined here
codigofonte\seção03\seção03exercício05.o: In function `main':
C:\Users\Nicolle\eclipse-workspace\ProgramasC\Debug/../codigofonte/seção03/seção03exercício05.c:3: multiple definition of `main'
codigofonte\seção02\seção02exercicio02.o:C:\Users\Nicolle\eclipse-workspace\ProgramasC\Debug/../codigofonte/seção02/seção02exercicio02.c:5: first defined here
codigofonte\seção03\seção03exercício07.o: In function `main':
C:\Users\Nicolle\eclipse-workspace\ProgramasC\Debug/../codigofonte/seção03/seção03exercício07.c:3: multiple definition of `main'
codigofonte\seção02\seção02exercicio02.o:C:\Users\Nicolle\eclipse-workspace\ProgramasC\Debug/../codigofonte/seção02/seção02exercicio02.c:5: first defined here
codigofonte\seção06\seção06exercício01.o: In function `main':
C:\Users\Nicolle\eclipse-workspace\ProgramasC\Debug/../codigofonte/seção06/seção06exercício01.c:3: multiple definition of `main'
codigofonte\seção02\seção02exercicio02.o:C:\Users\Nicolle\eclipse-workspace\ProgramasC\Debug/../codigofonte/seção02/seção02exercicio02.c:5: first defined here
codigofonte\seção06\seção06exercício02.o: In function `main':
C:\Users\Nicolle\eclipse-workspace\ProgramasC\Debug/../codigofonte/seção06/seção06exercício02.c:3: multiple definition of `main'
codigofonte\seção02\seção02exercicio02.o:C:\Users\Nicolle\eclipse-workspace\ProgramasC\Debug/../codigofonte/seção02/seção02exercicio02.c:5: first defined here
codigofonte\seção06\seção06exercício03.o: In function `main':
C:\Users\Nicolle\eclipse-workspace\ProgramasC\Debug/../codigofonte/seção06/seção06exercício03.c:3: multiple definition of `main'
codigofonte\seção02\seção02exercicio02.o:C:\Users\Nicolle\eclipse-workspace\ProgramasC\Debug/../codigofonte/seção02/seção02exercicio02.c:5: first defined here
codigofonte\seção06\seção06exercício04.o: In function `main':
C:\Users\Nicolle\eclipse-workspace\ProgramasC\Debug/../codigofonte/seção06/seção06exercício04.c:4: multiple definition of `main'
codigofonte\seção02\seção02exercicio02.o:C:\Users\Nicolle\eclipse-workspace\ProgramasC\Debug/../codigofonte/seção02/seção02exercicio02.c:5: first defined here
codigofonte\seção06\seção06exercício05.o: In function `main':
C:\Users\Nicolle\eclipse-workspace\ProgramasC\Debug/../codigofonte/seção06/seção06exercício05.c:3: multiple definition of `main'
codigofonte\seção02\seção02exercicio02.o:C:\Users\Nicolle\eclipse-workspace\ProgramasC\Debug/../codigofonte/seção02/seção02exercicio02.c:5: first defined here
codigofonte\seção06\seção06exercício06.o: In function `main':
C:\Users\Nicolle\eclipse-workspace\ProgramasC\Debug/../codigofonte/seção06/seção06exercício06.c:3: multiple definition of `main'
codigofonte\seção02\seção02exercicio02.o:C:\Users\Nicolle\eclipse-workspace\ProgramasC\Debug/../codigofonte/seção02/seção02exercicio02.c:5: first defined here
codigofonte\seção06\seção06exercício07.o: In function `main':
C:\Users\Nicolle\eclipse-workspace\ProgramasC\Debug/../codigofonte/seção06/seção06exercício07.c:3: multiple definition of `main'
codigofonte\seção02\seção02exercicio02.o:C:\Users\Nicolle\eclipse-workspace\ProgramasC\Debug/../codigofonte/seção02/seção02exercicio02.c:5: first defined here
codigofonte\seção06\seção06exercício08.o: In function `main':
C:\Users\Nicolle\eclipse-workspace\ProgramasC\Debug/../codigofonte/seção06/seção06exercício08.c:3: multiple definition of `main'
codigofonte\seção02\seção02exercicio02.o:C:\Users\Nicolle\eclipse-workspace\ProgramasC\Debug/../codigofonte/seção02/seção02exercicio02.c:5: first defined here
codigofonte\seção06\seção06exercício09.o: In function `main':
C:\Users\Nicolle\eclipse-workspace\ProgramasC\Debug/../codigofonte/seção06/seção06exercício09.c:3: multiple definition of `main'
codigofonte\seção02\seção02exercicio02.o:C:\Users\Nicolle\eclipse-workspace\ProgramasC\Debug/../codigofonte/seção02/seção02exercicio02.c:5: first defined here
codigofonte\seção06\seção06exercício10.o: In function `main':
C:\Users\Nicolle\eclipse-workspace\ProgramasC\Debug/../codigofonte/seção06/seção06exercício10.c:3: multiple definition of `main'
codigofonte\seção02\seção02exercicio02.o:C:\Users\Nicolle\eclipse-workspace\ProgramasC\Debug/../codigofonte/seção02/seção02exercicio02.c:5: first defined here
codigofonte\seção07\seção07exercício01.o: In function `main':
C:\Users\Nicolle\eclipse-workspace\ProgramasC\Debug/../codigofonte/seção07/seção07exercício01.c:3: multiple definition of `main'
codigofonte\seção02\seção02exercicio02.o:C:\Users\Nicolle\eclipse-workspace\ProgramasC\Debug/../codigofonte/seção02/seção02exercicio02.c:5: first defined here
codigofonte\seção07\seção07exercício02.o: In function `main':
C:\Users\Nicolle\eclipse-workspace\ProgramasC\Debug/../codigofonte/seção07/seção07exercício02.c:3: multiple definition of `main'
codigofonte\seção02\seção02exercicio02.o:C:\Users\Nicolle\eclipse-workspace\ProgramasC\Debug/../codigofonte/seção02/seção02exercicio02.c:5: first defined here
codigofonte\seção07\seção07exercício03.o: In function `main':
C:\Users\Nicolle\eclipse-workspace\ProgramasC\Debug/../codigofonte/seção07/seção07exercício03.c:3: multiple definition of `main'
codigofonte\seção02\seção02exercicio02.o:C:\Users\Nicolle\eclipse-workspace\ProgramasC\Debug/../codigofonte/seção02/seção02exercicio02.c:5: first defined here
codigofonte\seção07\seção07exercício04.o: In function `main':
C:\Users\Nicolle\eclipse-workspace\ProgramasC\Debug/../codigofonte/seção07/seção07exercício04.c:3: multiple definition of `main'
codigofonte\seção02\seção02exercicio02.o:C:\Users\Nicolle\eclipse-workspace\ProgramasC\Debug/../codigofonte/seção02/seção02exercicio02.c:5: first defined here
codigofonte\seção07\seção07exercício05.o: In function `main':
C:\Users\Nicolle\eclipse-workspace\ProgramasC\Debug/../codigofonte/seção07/seção07exercício05.c:4: multiple definition of `main'
codigofonte\seção02\seção02exercicio02.o:C:\Users\Nicolle\eclipse-workspace\ProgramasC\Debug/../codigofonte/seção02/seção02exercicio02.c:5: first defined here
codigofonte\seção07\seção07exercício06.o: In function `main':
C:\Users\Nicolle\eclipse-workspace\ProgramasC\Debug/../codigofonte/seção07/seção07exercício06.c:3: multiple definition of `main'
codigofonte\seção02\seção02exercicio02.o:C:\Users\Nicolle\eclipse-workspace\ProgramasC\Debug/../codigofonte/seção02/seção02exercicio02.c:5: first defined here
codigofonte\seção08\seção08exercício01.o: In function `main':
C:\Users\Nicolle\eclipse-workspace\ProgramasC\Debug/../codigofonte/seção08/seção08exercício01.c:3: multiple definition of `main'
codigofonte\seção02\seção02exercicio02.o:C:\Users\Nicolle\eclipse-workspace\ProgramasC\Debug/../codigofonte/seção02/seção02exercicio02.c:5: first defined here
codigofonte\seção08\seção08exercício01metodo2.o: In function `main':
C:\Users\Nicolle\eclipse-workspace\ProgramasC\Debug/../codigofonte/seção08/seção08exercício01metodo2.c:3: multiple definition of `main'
codigofonte\seção02\seção02exercicio02.o:C:\Users\Nicolle\eclipse-workspace\ProgramasC\Debug/../codigofonte/seção02/seção02exercicio02.c:5: first defined here
codigofonte\seção08\seção08exercício02.o: In function `main':
C:\Users\Nicolle\eclipse-workspace\ProgramasC\Debug/../codigofonte/seção08/seção08exercício02.c:3: multiple definition of `main'
codigofonte\seção02\seção02exercicio02.o:C:\Users\Nicolle\eclipse-workspace\ProgramasC\Debug/../codigofonte/seção02/seção02exercicio02.c:5: first defined here
codigofonte\seção08\seção08exercício02metodo2.o: In function `main':
C:\Users\Nicolle\eclipse-workspace\ProgramasC\Debug/../codigofonte/seção08/seção08exercício02metodo2.c:3: multiple definition of `main'
codigofonte\seção02\seção02exercicio02.o:C:\Users\Nicolle\eclipse-workspace\ProgramasC\Debug/../codigofonte/seção02/seção02exercicio02.c:5: first defined here
codigofonte\seção08\seção08exercício03.o: In function `main':
C:\Users\Nicolle\eclipse-workspace\ProgramasC\Debug/../codigofonte/seção08/seção08exercício03.c:3: multiple definition of `main'
codigofonte\seção02\seção02exercicio02.o:C:\Users\Nicolle\eclipse-workspace\ProgramasC\Debug/../codigofonte/seção02/seção02exercicio02.c:5: first defined here
codigofonte\seção08\seção08exercício03metodo2.o: In function `main':
C:\Users\Nicolle\eclipse-workspace\ProgramasC\Debug/../codigofonte/seção08/seção08exercício03metodo2.c:3: multiple definition of `main'
codigofonte\seção02\seção02exercicio02.o:C:\Users\Nicolle\eclipse-workspace\ProgramasC\Debug/../codigofonte/seção02/seção02exercicio02.c:5: first defined here
codigofonte\seção08\seção08exercício04.o: In function `main':
C:\Users\Nicolle\eclipse-workspace\ProgramasC\Debug/../codigofonte/seção08/seção08exercício04.c:3: multiple definition of `main'
codigofonte\seção02\seção02exercicio02.o:C:\Users\Nicolle\eclipse-workspace\ProgramasC\Debug/../codigofonte/seção02/seção02exercicio02.c:5: first defined here
codigofonte\seção08\seção08exercício05.o: In function `main':
C:\Users\Nicolle\eclipse-workspace\ProgramasC\Debug/../codigofonte/seção08/seção08exercício05.c:3: multiple definition of `main'
codigofonte\seção02\seção02exercicio02.o:C:\Users\Nicolle\eclipse-workspace\ProgramasC\Debug/../codigofonte/seção02/seção02exercicio02.c:5: first defined here
codigofonte\seção08\seção08exercício06.o: In function `main':
C:\Users\Nicolle\eclipse-workspace\ProgramasC\Debug/../codigofonte/seção08/seção08exercício06.c:3: multiple definition of `main'
codigofonte\seção02\seção02exercicio02.o:C:\Users\Nicolle\eclipse-workspace\ProgramasC\Debug/../codigofonte/seção02/seção02exercicio02.c:5: first defined here
collect2.exe: error: ld returned 1 exit status
17:50:54 **** Clean-only build of configuration Debug for project ProgramasC ****
rm -rf codigofonte/seção06/seção06exercício07.o codigofonte/seção07/seção07exercício02.d codigofonte/seção06/seção06exercício03.o codigofonte/seção06/seção06exercício07.d codigofonte/seção07/seção07exercício06.d codigofonte/seção06/seção06exercício03.d codigofonte/seção02/seção02exercicio02.o codigofonte/seção07/seção07exercício02.o codigofonte/seção07/seção07exercício06.o codigofonte/seção03/seção03exercício04.d codigofonte/seção08/seção08exercício01.d codigofonte/seção08/seção08exercício05.d codigofonte/seção03/seção03exercício04.o codigofonte/seção08/seção08exercício01.o codigofonte/seção03/seção03exercicio06.o codigofonte/seção08/seção08exercício05.o codigofonte/seção03/seção03exercicio02.o codigofonte/seção06/seção06exercício08.o codigofonte/seção06/seção06exercício04.o codigofonte/seção07/seção07exercício03.d codigofonte/seção06/seção06exercício08.d codigofonte/seção06/seção06exercício04.d codigofonte/seção07/seção07exercício03.o codigofonte/seção02/seção02exercicio02.d codigofonte/seção08/seção08exercício02.d codigofonte/seção03/seção03exercício05.d codigofonte/seção08/seção08exercício06.d codigofonte/seção03/seção03exercício05.o codigofonte/seção08/seção08exercício02.o codigofonte/seção08/seção08exercício03metodo2.o codigofonte/seção08/seção08exercício06.o codigofonte/seção08/seção08exercício03metodo2.d codigofonte/seção06/seção06exercício09.o codigofonte/seção06/seção06exercício05.o codigofonte/seção06/seção06exercício01.o codigofonte/seção07/seção07exercício04.d codigofonte/seção06/seção06exercício09.d codigofonte/seção08/seção08exercício02metodo2.d codigofonte/seção06/seção06exercício05.d codigofonte/seção03/seção03exercício07.o codigofonte/seção06/seção06exercício01.d codigofonte/seção07/seção07exercício04.o codigofonte/seção08/seção08exercício02metodo2.o codigofonte/seção08/seção08exercício01metodo2.d codigofonte/seção08/seção08exercício01metodo2.o codigofonte/seção08/seção08exercício03.d codigofonte/seção08/seção08exercício03.o codigofonte/seção03/seção03exercicio02.d codigofonte/seção06/seção06exercício06.o codigofonte/seção07/seção07exercício01.d codigofonte/seção06/seção06exercício02.o codigofonte/seção07/seção07exercício05.d codigofonte/seção03/seção03exercicio06.d codigofonte/seção06/seção06exercício06.d codigofonte/seção07/seção07exercício01.o codigofonte/seção06/seção06exercício02.d codigofonte/seção07/seção07exercício05.o codigofonte/seção03/seção03exercício07.d codigofonte/seção08/seção08exercício04.d codigofonte/seção06/seção06exercício10.o codigofonte/seção06/seção06exercício10.d codigofonte/seção08/seção08exercício04.o ProgramasC.exe 
Cannot run program "rm": Launching failed

Error: Program "rm" not found in PATH
PATH=[C:\MinGW\bin;\bin;\usr\bin;C:\Program Files (x86)\Common Files\Oracle\Java\javapath;C:\Windows\system32;C:\Windows;C:\Windows\System32\Wbem;C:\Windows\System32\WindowsPowerShell\v1.0\;C:\Program Files (x86)\QuickTime\QTSystem\;C:\Program Files (x86)\NVIDIA Corporation\PhysX\Common;C:\WINDOWS\system32;C:\WINDOWS;C:\WINDOWS\System32\Wbem;C:\WINDOWS\System32\WindowsPowerShell\v1.0\;C:\WINDOWS\System32\OpenSSH\;C:\Users\Nicolle\AppData\Local\Programs\Python\Python37\Scripts\;C:\Users\Nicolle\AppData\Local\Programs\Python\Python37\;C:\Users\Nicolle\AppData\Local\Programs\Python\Python38-32\Scripts\;C:\Users\Nicolle\AppData\Local\Programs\Python\Python38-32\;C:\Users\Nicolle\AppData\Local\Microsoft\WindowsApps;C:\MinGW\bin;C:\Users\Nicolle\AppData\Local\Programs\Python\Python38-32;;C:\Users\Nicolle\AppData\Local\Programs\Microsoft VS Code\bin]

17:50:55 **** Clean-only build of configuration Debug for project ProgramasC ****
20:20:11 **** Rebuild of configuration Debug for project ProgramasC ****
Info: Internal Builder is used for build
gcc -O0 -g3 -Wall -c -fmessage-length=0 -o "codigofonte\\seção08\\seção08exercício01.o" "..\\codigofonte\\seção08\\seção08exercício01.c" 
gcc -O0 -g3 -Wall -c -fmessage-length=0 -o "codigofonte\\seção03\\seção03exercício05.o" "..\\codigofonte\\seção03\\seção03exercício05.c" 
gcc -O0 -g3 -Wall -c -fmessage-length=0 -o "codigofonte\\seção06\\seção06exercício07.o" "..\\codigofonte\\seção06\\seção06exercício07.c" 
gcc -O0 -g3 -Wall -c -fmessage-length=0 -o "codigofonte\\seção08\\seção08exercício01metodo2.o" "..\\codigofonte\\seção08\\seção08exercício01metodo2.c" 
gcc -O0 -g3 -Wall -c -fmessage-length=0 -o "codigofonte\\seção07\\seção07exercício03.o" "..\\codigofonte\\seção07\\seção07exercício03.c" 
gcc -O0 -g3 -Wall -c -fmessage-length=0 -o "codigofonte\\seção07\\seção07exercício04.o" "..\\codigofonte\\seção07\\seção07exercício04.c" 
gcc -O0 -g3 -Wall -c -fmessage-length=0 -o "codigofonte\\seção07\\seção07exercício05.o" "..\\codigofonte\\seção07\\seção07exercício05.c" 
gcc -O0 -g3 -Wall -c -fmessage-length=0 -o "codigofonte\\seção06\\seção06exercício04.o" "..\\codigofonte\\seção06\\seção06exercício04.c" 
..\codigofonte\seção06\seção06exercício04.c: In function 'main':
..\codigofonte\seção06\seção06exercício04.c:12:10: warning: passing argument 1 of 'gets' from incompatible pointer type [-Wincompatible-pointer-types]
     gets(stdin); //serve para corrigir bugs
          ^~~~~
In file included from ..\codigofonte\seção06\seção06exercício04.c:1:0:
c:\mingw\include\stdio.h:676:41: note: expected 'char *' but argument is of type 'FILE * {aka struct _iobuf *}'
 _CRTIMP __cdecl __MINGW_NOTHROW  char * gets (char *);
                                         ^~~~
gcc -O0 -g3 -Wall -c -fmessage-length=0 -o "codigofonte\\seção07\\seção07exercício02.o" "..\\codigofonte\\seção07\\seção07exercício02.c" 
gcc -O0 -g3 -Wall -c -fmessage-length=0 -o "codigofonte\\seção06\\seção06exercício06.o" "..\\codigofonte\\seção06\\seção06exercício06.c" 
gcc -O0 -g3 -Wall -c -fmessage-length=0 -o "codigofonte\\seção08\\seção08exercício02metodo2.o" "..\\codigofonte\\seção08\\seção08exercício02metodo2.c" 
gcc -O0 -g3 -Wall -c -fmessage-length=0 -o "codigofonte\\seção03\\seção03exercicio02.o" "..\\codigofonte\\seção03\\seção03exercicio02.c" 
gcc -O0 -g3 -Wall -c -fmessage-length=0 -o "codigofonte\\seção06\\seção06exercício09.o" "..\\codigofonte\\seção06\\seção06exercício09.c" 
gcc -O0 -g3 -Wall -c -fmessage-length=0 -o "codigofonte\\seção08\\seção08exercício05.o" "..\\codigofonte\\seção08\\seção08exercício05.c" 
gcc -O0 -g3 -Wall -c -fmessage-length=0 -o "codigofonte\\seção03\\seção03exercicio06.o" "..\\codigofonte\\seção03\\seção03exercicio06.c" 
gcc -O0 -g3 -Wall -c -fmessage-length=0 -o "codigofonte\\seção07\\seção07exercício06.o" "..\\codigofonte\\seção07\\seção07exercício06.c" 
gcc -O0 -g3 -Wall -c -fmessage-length=0 -o "codigofonte\\seção07\\seção07exercício01.o" "..\\codigofonte\\seção07\\seção07exercício01.c" 
gcc -O0 -g3 -Wall -c -fmessage-length=0 -o "codigofonte\\seção06\\seção06exercício10.o" "..\\codigofonte\\seção06\\seção06exercício10.c" 
gcc -O0 -g3 -Wall -c -fmessage-length=0 -o "codigofonte\\seção06\\seção06exercício03.o" "..\\codigofonte\\seção06\\seção06exercício03.c" 
gcc -O0 -g3 -Wall -c -fmessage-length=0 -o "codigofonte\\seção08\\seção08exercício04.o" "..\\codigofonte\\seção08\\seção08exercício04.c" 
gcc -O0 -g3 -Wall -c -fmessage-length=0 -o "codigofonte\\seção03\\seção03exercício07.o" "..\\codigofonte\\seção03\\seção03exercício07.c" 
gcc -O0 -g3 -Wall -c -fmessage-length=0 -o "codigofonte\\seção06\\seção06exercício05.o" "..\\codigofonte\\seção06\\seção06exercício05.c" 
gcc -O0 -g3 -Wall -c -fmessage-length=0 -o "codigofonte\\seção08\\seção08exercício03metodo2.o" "..\\codigofonte\\seção08\\seção08exercício03metodo2.c" 
gcc -O0 -g3 -Wall -c -fmessage-length=0 -o "codigofonte\\seção08\\seção08exercício06.o" "..\\codigofonte\\seção08\\seção08exercício06.c" 
gcc -O0 -g3 -Wall -c -fmessage-length=0 -o "codigofonte\\seção06\\seção06exercício08.o" "..\\codigofonte\\seção06\\seção06exercício08.c" 
gcc -O0 -g3 -Wall -c -fmessage-length=0 -o "codigofonte\\seção06\\seção06exercício02.o" "..\\codigofonte\\seção06\\seção06exercício02.c" 
gcc -O0 -g3 -Wall -c -fmessage-length=0 -o "codigofonte\\seção03\\seção03exercício04.o" "..\\codigofonte\\seção03\\seção03exercício04.c" 
gcc -O0 -g3 -Wall -c -fmessage-length=0 -o "codigofonte\\seção06\\seção06exercício01.o" "..\\codigofonte\\seção06\\seção06exercício01.c" 
gcc -O0 -g3 -Wall -c -fmessage-length=0 -o "codigofonte\\seção08\\seção08exercício02.o" "..\\codigofonte\\seção08\\seção08exercício02.c" 
gcc -O0 -g3 -Wall -c -fmessage-length=0 -o "codigofonte\\seção08\\seção08exercício03.o" "..\\codigofonte\\seção08\\seção08exercício03.c" 
gcc -O0 -g3 -Wall -c -fmessage-length=0 -o "codigofonte\\seção02\\seção02exercicio02.o" "..\\codigofonte\\seção02\\seção02exercicio02.c" 
gcc -o ProgramasC.exe "codigofonte\\seção02\\seção02exercicio02.o" "codigofonte\\seção03\\seção03exercicio02.o" "codigofonte\\seção03\\seção03exercicio06.o" "codigofonte\\seção03\\seção03exercício04.o" "codigofonte\\seção03\\seção03exercício05.o" "codigofonte\\seção03\\seção03exercício07.o" "codigofonte\\seção06\\seção06exercício01.o" "codigofonte\\seção06\\seção06exercício02.o" "codigofonte\\seção06\\seção06exercício03.o" "codigofonte\\seção06\\seção06exercício04.o" "codigofonte\\seção06\\seção06exercício05.o" "codigofonte\\seção06\\seção06exercício06.o" "codigofonte\\seção06\\seção06exercício07.o" "codigofonte\\seção06\\seção06exercício08.o" "codigofonte\\seção06\\seção06exercício09.o" "codigofonte\\seção06\\seção06exercício10.o" "codigofonte\\seção07\\seção07exercício01.o" "codigofonte\\seção07\\seção07exercício02.o" "codigofonte\\seção07\\seção07exercício03.o" "codigofonte\\seção07\\seção07exercício04.o" "codigofonte\\seção07\\seção07exercício05.o" "codigofonte\\seção07\\seção07exercício06.o" "codigofonte\\seção08\\seção08exercício01.o" "codigofonte\\seção08\\seção08exercício01metodo2.o" "codigofonte\\seção08\\seção08exercício02.o" "codigofonte\\seção08\\seção08exercício02metodo2.o" "codigofonte\\seção08\\seção08exercício03.o" "codigofonte\\seção08\\seção08exercício03metodo2.o" "codigofonte\\seção08\\seção08exercício04.o" "codigofonte\\seção08\\seção08exercício05.o" "codigofonte\\seção08\\seção08exercício06.o" 
codigofonte\seção03\seção03exercicio02.o: In function `main':
C:\Users\Nicolle\eclipse-workspace\ProgramasC\Debug/../codigofonte/seção03/seção03exercicio02.c:3: multiple definition of `main'
codigofonte\seção02\seção02exercicio02.o:C:\Users\Nicolle\eclipse-workspace\ProgramasC\Debug/../codigofonte/seção02/seção02exercicio02.c:5: first defined here
codigofonte\seção03\seção03exercicio06.o: In function `main':
C:\Users\Nicolle\eclipse-workspace\ProgramasC\Debug/../codigofonte/seção03/seção03exercicio06.c:3: multiple definition of `main'
codigofonte\seção02\seção02exercicio02.o:C:\Users\Nicolle\eclipse-workspace\ProgramasC\Debug/../codigofonte/seção02/seção02exercicio02.c:5: first defined here
codigofonte\seção03\seção03exercício04.o: In function `main':
C:\Users\Nicolle\eclipse-workspace\ProgramasC\Debug/../codigofonte/seção03/seção03exercício04.c:3: multiple definition of `main'
codigofonte\seção02\seção02exercicio02.o:C:\Users\Nicolle\eclipse-workspace\ProgramasC\Debug/../codigofonte/seção02/seção02exercicio02.c:5: first defined here
codigofonte\seção03\seção03exercício05.o: In function `main':
C:\Users\Nicolle\eclipse-workspace\ProgramasC\Debug/../codigofonte/seção03/seção03exercício05.c:3: multiple definition of `main'
codigofonte\seção02\seção02exercicio02.o:C:\Users\Nicolle\eclipse-workspace\ProgramasC\Debug/../codigofonte/seção02/seção02exercicio02.c:5: first defined here
codigofonte\seção03\seção03exercício07.o: In function `main':
C:\Users\Nicolle\eclipse-workspace\ProgramasC\Debug/../codigofonte/seção03/seção03exercício07.c:3: multiple definition of `main'
codigofonte\seção02\seção02exercicio02.o:C:\Users\Nicolle\eclipse-workspace\ProgramasC\Debug/../codigofonte/seção02/seção02exercicio02.c:5: first defined here
codigofonte\seção06\seção06exercício01.o: In function `main':
C:\Users\Nicolle\eclipse-workspace\ProgramasC\Debug/../codigofonte/seção06/seção06exercício01.c:3: multiple definition of `main'
codigofonte\seção02\seção02exercicio02.o:C:\Users\Nicolle\eclipse-workspace\ProgramasC\Debug/../codigofonte/seção02/seção02exercicio02.c:5: first defined here
codigofonte\seção06\seção06exercício02.o: In function `main':
C:\Users\Nicolle\eclipse-workspace\ProgramasC\Debug/../codigofonte/seção06/seção06exercício02.c:3: multiple definition of `main'
codigofonte\seção02\seção02exercicio02.o:C:\Users\Nicolle\eclipse-workspace\ProgramasC\Debug/../codigofonte/seção02/seção02exercicio02.c:5: first defined here
codigofonte\seção06\seção06exercício03.o: In function `main':
C:\Users\Nicolle\eclipse-workspace\ProgramasC\Debug/../codigofonte/seção06/seção06exercício03.c:3: multiple definition of `main'
codigofonte\seção02\seção02exercicio02.o:C:\Users\Nicolle\eclipse-workspace\ProgramasC\Debug/../codigofonte/seção02/seção02exercicio02.c:5: first defined here
codigofonte\seção06\seção06exercício04.o: In function `main':
C:\Users\Nicolle\eclipse-workspace\ProgramasC\Debug/../codigofonte/seção06/seção06exercício04.c:4: multiple definition of `main'
codigofonte\seção02\seção02exercicio02.o:C:\Users\Nicolle\eclipse-workspace\ProgramasC\Debug/../codigofonte/seção02/seção02exercicio02.c:5: first defined here
codigofonte\seção06\seção06exercício05.o: In function `main':
C:\Users\Nicolle\eclipse-workspace\ProgramasC\Debug/../codigofonte/seção06/seção06exercício05.c:3: multiple definition of `main'
codigofonte\seção02\seção02exercicio02.o:C:\Users\Nicolle\eclipse-workspace\ProgramasC\Debug/../codigofonte/seção02/seção02exercicio02.c:5: first defined here
codigofonte\seção06\seção06exercício06.o: In function `main':
C:\Users\Nicolle\eclipse-workspace\ProgramasC\Debug/../codigofonte/seção06/seção06exercício06.c:3: multiple definition of `main'
codigofonte\seção02\seção02exercicio02.o:C:\Users\Nicolle\eclipse-workspace\ProgramasC\Debug/../codigofonte/seção02/seção02exercicio02.c:5: first defined here
codigofonte\seção06\seção06exercício07.o: In function `main':
C:\Users\Nicolle\eclipse-workspace\ProgramasC\Debug/../codigofonte/seção06/seção06exercício07.c:3: multiple definition of `main'
codigofonte\seção02\seção02exercicio02.o:C:\Users\Nicolle\eclipse-workspace\ProgramasC\Debug/../codigofonte/seção02/seção02exercicio02.c:5: first defined here
codigofonte\seção06\seção06exercício08.o: In function `main':
C:\Users\Nicolle\eclipse-workspace\ProgramasC\Debug/../codigofonte/seção06/seção06exercício08.c:3: multiple definition of `main'
codigofonte\seção02\seção02exercicio02.o:C:\Users\Nicolle\eclipse-workspace\ProgramasC\Debug/../codigofonte/seção02/seção02exercicio02.c:5: first defined here
codigofonte\seção06\seção06exercício09.o: In function `main':
C:\Users\Nicolle\eclipse-workspace\ProgramasC\Debug/../codigofonte/seção06/seção06exercício09.c:3: multiple definition of `main'
codigofonte\seção02\seção02exercicio02.o:C:\Users\Nicolle\eclipse-workspace\ProgramasC\Debug/../codigofonte/seção02/seção02exercicio02.c:5: first defined here
codigofonte\seção06\seção06exercício10.o: In function `main':
C:\Users\Nicolle\eclipse-workspace\ProgramasC\Debug/../codigofonte/seção06/seção06exercício10.c:3: multiple definition of `main'
codigofonte\seção02\seção02exercicio02.o:C:\Users\Nicolle\eclipse-workspace\ProgramasC\Debug/../codigofonte/seção02/seção02exercicio02.c:5: first defined here
codigofonte\seção07\seção07exercício01.o: In function `main':
C:\Users\Nicolle\eclipse-workspace\ProgramasC\Debug/../codigofonte/seção07/seção07exercício01.c:3: multiple definition of `main'
codigofonte\seção02\seção02exercicio02.o:C:\Users\Nicolle\eclipse-workspace\ProgramasC\Debug/../codigofonte/seção02/seção02exercicio02.c:5: first defined here
codigofonte\seção07\seção07exercício02.o: In function `main':
C:\Users\Nicolle\eclipse-workspace\ProgramasC\Debug/../codigofonte/seção07/seção07exercício02.c:3: multiple definition of `main'
codigofonte\seção02\seção02exercicio02.o:C:\Users\Nicolle\eclipse-workspace\ProgramasC\Debug/../codigofonte/seção02/seção02exercicio02.c:5: first defined here
codigofonte\seção07\seção07exercício03.o: In function `main':
C:\Users\Nicolle\eclipse-workspace\ProgramasC\Debug/../codigofonte/seção07/seção07exercício03.c:3: multiple definition of `main'
codigofonte\seção02\seção02exercicio02.o:C:\Users\Nicolle\eclipse-workspace\ProgramasC\Debug/../codigofonte/seção02/seção02exercicio02.c:5: first defined here
codigofonte\seção07\seção07exercício04.o: In function `main':
C:\Users\Nicolle\eclipse-workspace\ProgramasC\Debug/../codigofonte/seção07/seção07exercício04.c:3: multiple definition of `main'
codigofonte\seção02\seção02exercicio02.o:C:\Users\Nicolle\eclipse-workspace\ProgramasC\Debug/../codigofonte/seção02/seção02exercicio02.c:5: first defined here
codigofonte\seção07\seção07exercício05.o: In function `main':
C:\Users\Nicolle\eclipse-workspace\ProgramasC\Debug/../codigofonte/seção07/seção07exercício05.c:4: multiple definition of `main'
codigofonte\seção02\seção02exercicio02.o:C:\Users\Nicolle\eclipse-workspace\ProgramasC\Debug/../codigofonte/seção02/seção02exercicio02.c:5: first defined here
codigofonte\seção07\seção07exercício06.o: In function `main':
C:\Users\Nicolle\eclipse-workspace\ProgramasC\Debug/../codigofonte/seção07/seção07exercício06.c:3: multiple definition of `main'
codigofonte\seção02\seção02exercicio02.o:C:\Users\Nicolle\eclipse-workspace\ProgramasC\Debug/../codigofonte/seção02/seção02exercicio02.c:5: first defined here
codigofonte\seção08\seção08exercício01.o: In function `main':
C:\Users\Nicolle\eclipse-workspace\ProgramasC\Debug/../codigofonte/seção08/seção08exercício01.c:3: multiple definition of `main'
codigofonte\seção02\seção02exercicio02.o:C:\Users\Nicolle\eclipse-workspace\ProgramasC\Debug/../codigofonte/seção02/seção02exercicio02.c:5: first defined here
codigofonte\seção08\seção08exercício01metodo2.o: In function `main':
C:\Users\Nicolle\eclipse-workspace\ProgramasC\Debug/../codigofonte/seção08/seção08exercício01metodo2.c:3: multiple definition of `main'
codigofonte\seção02\seção02exercicio02.o:C:\Users\Nicolle\eclipse-workspace\ProgramasC\Debug/../codigofonte/seção02/seção02exercicio02.c:5: first defined here
codigofonte\seção08\seção08exercício02.o: In function `main':
C:\Users\Nicolle\eclipse-workspace\ProgramasC\Debug/../codigofonte/seção08/seção08exercício02.c:3: multiple definition of `main'
codigofonte\seção02\seção02exercicio02.o:C:\Users\Nicolle\eclipse-workspace\ProgramasC\Debug/../codigofonte/seção02/seção02exercicio02.c:5: first defined here
codigofonte\seção08\seção08exercício02metodo2.o: In function `main':
C:\Users\Nicolle\eclipse-workspace\ProgramasC\Debug/../codigofonte/seção08/seção08exercício02metodo2.c:3: multiple definition of `main'
codigofonte\seção02\seção02exercicio02.o:C:\Users\Nicolle\eclipse-workspace\ProgramasC\Debug/../codigofonte/seção02/seção02exercicio02.c:5: first defined here
codigofonte\seção08\seção08exercício03.o: In function `main':
C:\Users\Nicolle\eclipse-workspace\ProgramasC\Debug/../codigofonte/seção08/seção08exercício03.c:3: multiple definition of `main'
codigofonte\seção02\seção02exercicio02.o:C:\Users\Nicolle\eclipse-workspace\ProgramasC\Debug/../codigofonte/seção02/seção02exercicio02.c:5: first defined here
codigofonte\seção08\seção08exercício03metodo2.o: In function `main':
C:\Users\Nicolle\eclipse-workspace\ProgramasC\Debug/../codigofonte/seção08/seção08exercício03metodo2.c:3: multiple definition of `main'
codigofonte\seção02\seção02exercicio02.o:C:\Users\Nicolle\eclipse-workspace\ProgramasC\Debug/../codigofonte/seção02/seção02exercicio02.c:5: first defined here
codigofonte\seção08\seção08exercício04.o: In function `main':
C:\Users\Nicolle\eclipse-workspace\ProgramasC\Debug/../codigofonte/seção08/seção08exercício04.c:3: multiple definition of `main'
codigofonte\seção02\seção02exercicio02.o:C:\Users\Nicolle\eclipse-workspace\ProgramasC\Debug/../codigofonte/seção02/seção02exercicio02.c:5: first defined here
codigofonte\seção08\seção08exercício05.o: In function `main':
C:\Users\Nicolle\eclipse-workspace\ProgramasC\Debug/../codigofonte/seção08/seção08exercício05.c:3: multiple definition of `main'
codigofonte\seção02\seção02exercicio02.o:C:\Users\Nicolle\eclipse-workspace\ProgramasC\Debug/../codigofonte/seção02/seção02exercicio02.c:5: first defined here
codigofonte\seção08\seção08exercício06.o: In function `main':
C:\Users\Nicolle\eclipse-workspace\ProgramasC\Debug/../codigofonte/seção08/seção08exercício06.c:3: multiple definition of `main'
codigofonte\seção02\seção02exercicio02.o:C:\Users\Nicolle\eclipse-workspace\ProgramasC\Debug/../codigofonte/seção02/seção02exercicio02.c:5: first defined here
collect2.exe: error: ld returned 1 exit status
