20:20:11 **** Rebuild of configuration Debug for project ProgramasC ****
Info: Internal Builder is used for build
gcc -O0 -g3 -Wall -c -fmessage-length=0 -o "codigofonte\\seção08\\seção08exercício01.o" "..\\codigofonte\\seção08\\seção08exercício01.c" 
gcc -O0 -g3 -Wall -c -fmessage-length=0 -o "codigofonte\\seção03\\seção03exercício05.o" "..\\codigofonte\\seção03\\seção03exercício05.c" 
gcc -O0 -g3 -Wall -c -fmessage-length=0 -o "codigofonte\\seção06\\seção06exercício07.o" "..\\codigofonte\\seção06\\seção06exercício07.c" 
gcc -O0 -g3 -Wall -c -fmessage-length=0 -o "codigofonte\\seção08\\seção08exercício01metodo2.o" "..\\codigofonte\\seção08\\seção08exercício01metodo2.c" 
gcc -O0 -g3 -Wall -c -fmessage-length=0 -o "codigofonte\\seção07\\seção07exercício03.o" "..\\codigofonte\\seção07\\seção07exercício03.c" 
gcc -O0 -g3 -Wall -c -fmessage-length=0 -o "codigofonte\\seção07\\seção07exercício04.o" "..\\codigofonte\\seção07\\seção07exercício04.c" 
gcc -O0 -g3 -Wall -c -fmessage-length=0 -o "codigofonte\\seção07\\seção07exercício05.o" "..\\codigofonte\\seção07\\seção07exercício05.c" 
gcc -O0 -g3 -Wall -c -fmessage-length=0 -o "codigofonte\\seção06\\seção06exercício04.o" "..\\codigofonte\\seção06\\seção06exercício04.c" 
..\codigofonte\seção06\seção06exercício04.c: In function 'main':
..\codigofonte\seção06\seção06exercício04.c:12:10: warning: passing argument 1 of 'gets' from incompatible pointer type [-Wincompatible-pointer-types]
     gets(stdin); //serve para corrigir bugs
          ^~~~~
In file included from ..\codigofonte\seção06\seção06exercício04.c:1:0:
c:\mingw\include\stdio.h:676:41: note: expected 'char *' but argument is of type 'FILE * {aka struct _iobuf *}'
 _CRTIMP __cdecl __MINGW_NOTHROW  char * gets (char *);
                                         ^~~~
gcc -O0 -g3 -Wall -c -fmessage-length=0 -o "codigofonte\\seção07\\seção07exercício02.o" "..\\codigofonte\\seção07\\seção07exercício02.c" 
gcc -O0 -g3 -Wall -c -fmessage-length=0 -o "codigofonte\\seção06\\seção06exercício06.o" "..\\codigofonte\\seção06\\seção06exercício06.c" 
gcc -O0 -g3 -Wall -c -fmessage-length=0 -o "codigofonte\\seção08\\seção08exercício02metodo2.o" "..\\codigofonte\\seção08\\seção08exercício02metodo2.c" 
gcc -O0 -g3 -Wall -c -fmessage-length=0 -o "codigofonte\\seção03\\seção03exercicio02.o" "..\\codigofonte\\seção03\\seção03exercicio02.c" 
gcc -O0 -g3 -Wall -c -fmessage-length=0 -o "codigofonte\\seção06\\seção06exercício09.o" "..\\codigofonte\\seção06\\seção06exercício09.c" 
gcc -O0 -g3 -Wall -c -fmessage-length=0 -o "codigofonte\\seção08\\seção08exercício05.o" "..\\codigofonte\\seção08\\seção08exercício05.c" 
gcc -O0 -g3 -Wall -c -fmessage-length=0 -o "codigofonte\\seção03\\seção03exercicio06.o" "..\\codigofonte\\seção03\\seção03exercicio06.c" 
gcc -O0 -g3 -Wall -c -fmessage-length=0 -o "codigofonte\\seção07\\seção07exercício06.o" "..\\codigofonte\\seção07\\seção07exercício06.c" 
gcc -O0 -g3 -Wall -c -fmessage-length=0 -o "codigofonte\\seção07\\seção07exercício01.o" "..\\codigofonte\\seção07\\seção07exercício01.c" 
gcc -O0 -g3 -Wall -c -fmessage-length=0 -o "codigofonte\\seção06\\seção06exercício10.o" "..\\codigofonte\\seção06\\seção06exercício10.c" 
gcc -O0 -g3 -Wall -c -fmessage-length=0 -o "codigofonte\\seção06\\seção06exercício03.o" "..\\codigofonte\\seção06\\seção06exercício03.c" 
gcc -O0 -g3 -Wall -c -fmessage-length=0 -o "codigofonte\\seção08\\seção08exercício04.o" "..\\codigofonte\\seção08\\seção08exercício04.c" 
gcc -O0 -g3 -Wall -c -fmessage-length=0 -o "codigofonte\\seção03\\seção03exercício07.o" "..\\codigofonte\\seção03\\seção03exercício07.c" 
gcc -O0 -g3 -Wall -c -fmessage-length=0 -o "codigofonte\\seção06\\seção06exercício05.o" "..\\codigofonte\\seção06\\seção06exercício05.c" 
gcc -O0 -g3 -Wall -c -fmessage-length=0 -o "codigofonte\\seção08\\seção08exercício03metodo2.o" "..\\codigofonte\\seção08\\seção08exercício03metodo2.c" 
gcc -O0 -g3 -Wall -c -fmessage-length=0 -o "codigofonte\\seção08\\seção08exercício06.o" "..\\codigofonte\\seção08\\seção08exercício06.c" 
gcc -O0 -g3 -Wall -c -fmessage-length=0 -o "codigofonte\\seção06\\seção06exercício08.o" "..\\codigofonte\\seção06\\seção06exercício08.c" 
gcc -O0 -g3 -Wall -c -fmessage-length=0 -o "codigofonte\\seção06\\seção06exercício02.o" "..\\codigofonte\\seção06\\seção06exercício02.c" 
gcc -O0 -g3 -Wall -c -fmessage-length=0 -o "codigofonte\\seção03\\seção03exercício04.o" "..\\codigofonte\\seção03\\seção03exercício04.c" 
gcc -O0 -g3 -Wall -c -fmessage-length=0 -o "codigofonte\\seção06\\seção06exercício01.o" "..\\codigofonte\\seção06\\seção06exercício01.c" 
gcc -O0 -g3 -Wall -c -fmessage-length=0 -o "codigofonte\\seção08\\seção08exercício02.o" "..\\codigofonte\\seção08\\seção08exercício02.c" 
gcc -O0 -g3 -Wall -c -fmessage-length=0 -o "codigofonte\\seção08\\seção08exercício03.o" "..\\codigofonte\\seção08\\seção08exercício03.c" 
gcc -O0 -g3 -Wall -c -fmessage-length=0 -o "codigofonte\\seção02\\seção02exercicio02.o" "..\\codigofonte\\seção02\\seção02exercicio02.c" 
gcc -o ProgramasC.exe "codigofonte\\seção02\\seção02exercicio02.o" "codigofonte\\seção03\\seção03exercicio02.o" "codigofonte\\seção03\\seção03exercicio06.o" "codigofonte\\seção03\\seção03exercício04.o" "codigofonte\\seção03\\seção03exercício05.o" "codigofonte\\seção03\\seção03exercício07.o" "codigofonte\\seção06\\seção06exercício01.o" "codigofonte\\seção06\\seção06exercício02.o" "codigofonte\\seção06\\seção06exercício03.o" "codigofonte\\seção06\\seção06exercício04.o" "codigofonte\\seção06\\seção06exercício05.o" "codigofonte\\seção06\\seção06exercício06.o" "codigofonte\\seção06\\seção06exercício07.o" "codigofonte\\seção06\\seção06exercício08.o" "codigofonte\\seção06\\seção06exercício09.o" "codigofonte\\seção06\\seção06exercício10.o" "codigofonte\\seção07\\seção07exercício01.o" "codigofonte\\seção07\\seção07exercício02.o" "codigofonte\\seção07\\seção07exercício03.o" "codigofonte\\seção07\\seção07exercício04.o" "codigofonte\\seção07\\seção07exercício05.o" "codigofonte\\seção07\\seção07exercício06.o" "codigofonte\\seção08\\seção08exercício01.o" "codigofonte\\seção08\\seção08exercício01metodo2.o" "codigofonte\\seção08\\seção08exercício02.o" "codigofonte\\seção08\\seção08exercício02metodo2.o" "codigofonte\\seção08\\seção08exercício03.o" "codigofonte\\seção08\\seção08exercício03metodo2.o" "codigofonte\\seção08\\seção08exercício04.o" "codigofonte\\seção08\\seção08exercício05.o" "codigofonte\\seção08\\seção08exercício06.o" 
codigofonte\seção03\seção03exercicio02.o: In function `main':
C:\Users\Nicolle\eclipse-workspace\ProgramasC\Debug/../codigofonte/seção03/seção03exercicio02.c:3: multiple definition of `main'
codigofonte\seção02\seção02exercicio02.o:C:\Users\Nicolle\eclipse-workspace\ProgramasC\Debug/../codigofonte/seção02/seção02exercicio02.c:5: first defined here
codigofonte\seção03\seção03exercicio06.o: In function `main':
C:\Users\Nicolle\eclipse-workspace\ProgramasC\Debug/../codigofonte/seção03/seção03exercicio06.c:3: multiple definition of `main'
codigofonte\seção02\seção02exercicio02.o:C:\Users\Nicolle\eclipse-workspace\ProgramasC\Debug/../codigofonte/seção02/seção02exercicio02.c:5: first defined here
codigofonte\seção03\seção03exercício04.o: In function `main':
C:\Users\Nicolle\eclipse-workspace\ProgramasC\Debug/../codigofonte/seção03/seção03exercício04.c:3: multiple definition of `main'
codigofonte\seção02\seção02exercicio02.o:C:\Users\Nicolle\eclipse-workspace\ProgramasC\Debug/../codigofonte/seção02/seção02exercicio02.c:5: first defined here
codigofonte\seção03\seção03exercício05.o: In function `main':
C:\Users\Nicolle\eclipse-workspace\ProgramasC\Debug/../codigofonte/seção03/seção03exercício05.c:3: multiple definition of `main'
codigofonte\seção02\seção02exercicio02.o:C:\Users\Nicolle\eclipse-workspace\ProgramasC\Debug/../codigofonte/seção02/seção02exercicio02.c:5: first defined here
codigofonte\seção03\seção03exercício07.o: In function `main':
C:\Users\Nicolle\eclipse-workspace\ProgramasC\Debug/../codigofonte/seção03/seção03exercício07.c:3: multiple definition of `main'
codigofonte\seção02\seção02exercicio02.o:C:\Users\Nicolle\eclipse-workspace\ProgramasC\Debug/../codigofonte/seção02/seção02exercicio02.c:5: first defined here
codigofonte\seção06\seção06exercício01.o: In function `main':
C:\Users\Nicolle\eclipse-workspace\ProgramasC\Debug/../codigofonte/seção06/seção06exercício01.c:3: multiple definition of `main'
codigofonte\seção02\seção02exercicio02.o:C:\Users\Nicolle\eclipse-workspace\ProgramasC\Debug/../codigofonte/seção02/seção02exercicio02.c:5: first defined here
codigofonte\seção06\seção06exercício02.o: In function `main':
C:\Users\Nicolle\eclipse-workspace\ProgramasC\Debug/../codigofonte/seção06/seção06exercício02.c:3: multiple definition of `main'
codigofonte\seção02\seção02exercicio02.o:C:\Users\Nicolle\eclipse-workspace\ProgramasC\Debug/../codigofonte/seção02/seção02exercicio02.c:5: first defined here
codigofonte\seção06\seção06exercício03.o: In function `main':
C:\Users\Nicolle\eclipse-workspace\ProgramasC\Debug/../codigofonte/seção06/seção06exercício03.c:3: multiple definition of `main'
codigofonte\seção02\seção02exercicio02.o:C:\Users\Nicolle\eclipse-workspace\ProgramasC\Debug/../codigofonte/seção02/seção02exercicio02.c:5: first defined here
codigofonte\seção06\seção06exercício04.o: In function `main':
C:\Users\Nicolle\eclipse-workspace\ProgramasC\Debug/../codigofonte/seção06/seção06exercício04.c:4: multiple definition of `main'
codigofonte\seção02\seção02exercicio02.o:C:\Users\Nicolle\eclipse-workspace\ProgramasC\Debug/../codigofonte/seção02/seção02exercicio02.c:5: first defined here
codigofonte\seção06\seção06exercício05.o: In function `main':
C:\Users\Nicolle\eclipse-workspace\ProgramasC\Debug/../codigofonte/seção06/seção06exercício05.c:3: multiple definition of `main'
codigofonte\seção02\seção02exercicio02.o:C:\Users\Nicolle\eclipse-workspace\ProgramasC\Debug/../codigofonte/seção02/seção02exercicio02.c:5: first defined here
codigofonte\seção06\seção06exercício06.o: In function `main':
C:\Users\Nicolle\eclipse-workspace\ProgramasC\Debug/../codigofonte/seção06/seção06exercício06.c:3: multiple definition of `main'
codigofonte\seção02\seção02exercicio02.o:C:\Users\Nicolle\eclipse-workspace\ProgramasC\Debug/../codigofonte/seção02/seção02exercicio02.c:5: first defined here
codigofonte\seção06\seção06exercício07.o: In function `main':
C:\Users\Nicolle\eclipse-workspace\ProgramasC\Debug/../codigofonte/seção06/seção06exercício07.c:3: multiple definition of `main'
codigofonte\seção02\seção02exercicio02.o:C:\Users\Nicolle\eclipse-workspace\ProgramasC\Debug/../codigofonte/seção02/seção02exercicio02.c:5: first defined here
codigofonte\seção06\seção06exercício08.o: In function `main':
C:\Users\Nicolle\eclipse-workspace\ProgramasC\Debug/../codigofonte/seção06/seção06exercício08.c:3: multiple definition of `main'
codigofonte\seção02\seção02exercicio02.o:C:\Users\Nicolle\eclipse-workspace\ProgramasC\Debug/../codigofonte/seção02/seção02exercicio02.c:5: first defined here
codigofonte\seção06\seção06exercício09.o: In function `main':
C:\Users\Nicolle\eclipse-workspace\ProgramasC\Debug/../codigofonte/seção06/seção06exercício09.c:3: multiple definition of `main'
codigofonte\seção02\seção02exercicio02.o:C:\Users\Nicolle\eclipse-workspace\ProgramasC\Debug/../codigofonte/seção02/seção02exercicio02.c:5: first defined here
codigofonte\seção06\seção06exercício10.o: In function `main':
C:\Users\Nicolle\eclipse-workspace\ProgramasC\Debug/../codigofonte/seção06/seção06exercício10.c:3: multiple definition of `main'
codigofonte\seção02\seção02exercicio02.o:C:\Users\Nicolle\eclipse-workspace\ProgramasC\Debug/../codigofonte/seção02/seção02exercicio02.c:5: first defined here
codigofonte\seção07\seção07exercício01.o: In function `main':
C:\Users\Nicolle\eclipse-workspace\ProgramasC\Debug/../codigofonte/seção07/seção07exercício01.c:3: multiple definition of `main'
codigofonte\seção02\seção02exercicio02.o:C:\Users\Nicolle\eclipse-workspace\ProgramasC\Debug/../codigofonte/seção02/seção02exercicio02.c:5: first defined here
codigofonte\seção07\seção07exercício02.o: In function `main':
C:\Users\Nicolle\eclipse-workspace\ProgramasC\Debug/../codigofonte/seção07/seção07exercício02.c:3: multiple definition of `main'
codigofonte\seção02\seção02exercicio02.o:C:\Users\Nicolle\eclipse-workspace\ProgramasC\Debug/../codigofonte/seção02/seção02exercicio02.c:5: first defined here
codigofonte\seção07\seção07exercício03.o: In function `main':
C:\Users\Nicolle\eclipse-workspace\ProgramasC\Debug/../codigofonte/seção07/seção07exercício03.c:3: multiple definition of `main'
codigofonte\seção02\seção02exercicio02.o:C:\Users\Nicolle\eclipse-workspace\ProgramasC\Debug/../codigofonte/seção02/seção02exercicio02.c:5: first defined here
codigofonte\seção07\seção07exercício04.o: In function `main':
C:\Users\Nicolle\eclipse-workspace\ProgramasC\Debug/../codigofonte/seção07/seção07exercício04.c:3: multiple definition of `main'
codigofonte\seção02\seção02exercicio02.o:C:\Users\Nicolle\eclipse-workspace\ProgramasC\Debug/../codigofonte/seção02/seção02exercicio02.c:5: first defined here
codigofonte\seção07\seção07exercício05.o: In function `main':
C:\Users\Nicolle\eclipse-workspace\ProgramasC\Debug/../codigofonte/seção07/seção07exercício05.c:4: multiple definition of `main'
codigofonte\seção02\seção02exercicio02.o:C:\Users\Nicolle\eclipse-workspace\ProgramasC\Debug/../codigofonte/seção02/seção02exercicio02.c:5: first defined here
codigofonte\seção07\seção07exercício06.o: In function `main':
C:\Users\Nicolle\eclipse-workspace\ProgramasC\Debug/../codigofonte/seção07/seção07exercício06.c:3: multiple definition of `main'
codigofonte\seção02\seção02exercicio02.o:C:\Users\Nicolle\eclipse-workspace\ProgramasC\Debug/../codigofonte/seção02/seção02exercicio02.c:5: first defined here
codigofonte\seção08\seção08exercício01.o: In function `main':
C:\Users\Nicolle\eclipse-workspace\ProgramasC\Debug/../codigofonte/seção08/seção08exercício01.c:3: multiple definition of `main'
codigofonte\seção02\seção02exercicio02.o:C:\Users\Nicolle\eclipse-workspace\ProgramasC\Debug/../codigofonte/seção02/seção02exercicio02.c:5: first defined here
codigofonte\seção08\seção08exercício01metodo2.o: In function `main':
C:\Users\Nicolle\eclipse-workspace\ProgramasC\Debug/../codigofonte/seção08/seção08exercício01metodo2.c:3: multiple definition of `main'
codigofonte\seção02\seção02exercicio02.o:C:\Users\Nicolle\eclipse-workspace\ProgramasC\Debug/../codigofonte/seção02/seção02exercicio02.c:5: first defined here
codigofonte\seção08\seção08exercício02.o: In function `main':
C:\Users\Nicolle\eclipse-workspace\ProgramasC\Debug/../codigofonte/seção08/seção08exercício02.c:3: multiple definition of `main'
codigofonte\seção02\seção02exercicio02.o:C:\Users\Nicolle\eclipse-workspace\ProgramasC\Debug/../codigofonte/seção02/seção02exercicio02.c:5: first defined here
codigofonte\seção08\seção08exercício02metodo2.o: In function `main':
C:\Users\Nicolle\eclipse-workspace\ProgramasC\Debug/../codigofonte/seção08/seção08exercício02metodo2.c:3: multiple definition of `main'
codigofonte\seção02\seção02exercicio02.o:C:\Users\Nicolle\eclipse-workspace\ProgramasC\Debug/../codigofonte/seção02/seção02exercicio02.c:5: first defined here
codigofonte\seção08\seção08exercício03.o: In function `main':
C:\Users\Nicolle\eclipse-workspace\ProgramasC\Debug/../codigofonte/seção08/seção08exercício03.c:3: multiple definition of `main'
codigofonte\seção02\seção02exercicio02.o:C:\Users\Nicolle\eclipse-workspace\ProgramasC\Debug/../codigofonte/seção02/seção02exercicio02.c:5: first defined here
codigofonte\seção08\seção08exercício03metodo2.o: In function `main':
C:\Users\Nicolle\eclipse-workspace\ProgramasC\Debug/../codigofonte/seção08/seção08exercício03metodo2.c:3: multiple definition of `main'
codigofonte\seção02\seção02exercicio02.o:C:\Users\Nicolle\eclipse-workspace\ProgramasC\Debug/../codigofonte/seção02/seção02exercicio02.c:5: first defined here
codigofonte\seção08\seção08exercício04.o: In function `main':
C:\Users\Nicolle\eclipse-workspace\ProgramasC\Debug/../codigofonte/seção08/seção08exercício04.c:3: multiple definition of `main'
codigofonte\seção02\seção02exercicio02.o:C:\Users\Nicolle\eclipse-workspace\ProgramasC\Debug/../codigofonte/seção02/seção02exercicio02.c:5: first defined here
codigofonte\seção08\seção08exercício05.o: In function `main':
C:\Users\Nicolle\eclipse-workspace\ProgramasC\Debug/../codigofonte/seção08/seção08exercício05.c:3: multiple definition of `main'
codigofonte\seção02\seção02exercicio02.o:C:\Users\Nicolle\eclipse-workspace\ProgramasC\Debug/../codigofonte/seção02/seção02exercicio02.c:5: first defined here
codigofonte\seção08\seção08exercício06.o: In function `main':
C:\Users\Nicolle\eclipse-workspace\ProgramasC\Debug/../codigofonte/seção08/seção08exercício06.c:3: multiple definition of `main'
codigofonte\seção02\seção02exercicio02.o:C:\Users\Nicolle\eclipse-workspace\ProgramasC\Debug/../codigofonte/seção02/seção02exercicio02.c:5: first defined here
collect2.exe: error: ld returned 1 exit status

20:21:18 Build Failed. 60 errors, 1 warnings. (took 1m:7s.87ms)

